<?xml version="1.0" encoding="utf-8"?><testsuites><testsuite name="pytest" errors="0" failures="0" skipped="0" tests="8" time="0.571" timestamp="2022-10-06T19:12:21.656733" hostname="a54b415ce115"><testcase classname="modeltools.preprocessing" name="modeltools.preprocessing.get_numerical_features" time="0.003" /><testcase classname="tests.test_preprocessing" name="test_get_numerical_features_simple" time="0.002" /><testcase classname="tests.test_preprocessing" name="test_get_numerical_features_empty" time="0.002" /><testcase classname="tests.test_preprocessing" name="test_get_numerical_features_zero_columns" time="0.002" /><testcase classname="tests.test_preprocessing" name="test_get_numerical_features_zero_rows" time="0.002" /><testcase classname="tests.test_preprocessing" name="test_get_numerical_features_int_and_float" time="0.002" /><testcase classname="tests.test_preprocessing" name="test_get_numerical_features_columns_withoutname" time="0.002" /><testcase classname="tests.test_preprocessing" name="test_get_numerical_features_complex" time="0.002" /></testsuite></testsuites>